CRITICAL - 2024-04-22 16:13:28 --> Invalid file: partial/footer.php
#0 C:\xampp\htdocs\ERP-PH-main\system\View\View.php(198): CodeIgniter\Exceptions\FrameworkException::forInvalidFile('partial/footer....')
#1 C:\xampp\htdocs\ERP-PH-main\system\Common.php(1089): CodeIgniter\View\View->render('partial/footer', Array, true)
#2 C:\xampp\htdocs\ERP-PH-main\app\Controllers\User.php(48): view('partial/footer')
#3 C:\xampp\htdocs\ERP-PH-main\system\CodeIgniter.php(832): App\Controllers\User->reset_password('1')
#4 C:\xampp\htdocs\ERP-PH-main\system\CodeIgniter.php(419): CodeIgniter\CodeIgniter->runController(Object(App\Controllers\User))
#5 C:\xampp\htdocs\ERP-PH-main\system\CodeIgniter.php(326): CodeIgniter\CodeIgniter->handleRequest(NULL, Object(Config\Cache), false)
#6 C:\xampp\htdocs\ERP-PH-main\public\index.php(37): CodeIgniter\CodeIgniter->run()
#7 C:\xampp\htdocs\ERP-PH-main\system\Commands\Server\rewrite.php(43): require_once('C:\\xampp\\htdocs...')
#8 {main}
CRITICAL - 2024-04-22 16:33:15 --> You must set the database table to be used with your query.
#0 C:\xampp\htdocs\ERP-PH-main\system\Model.php(545): CodeIgniter\Database\BaseConnection->table(NULL)
#1 C:\xampp\htdocs\ERP-PH-main\system\Model.php(722): CodeIgniter\Model->builder()
#2 C:\xampp\htdocs\ERP-PH-main\app\Views\piketv\find.php(6): CodeIgniter\Model->__call('useRow', Array)
#3 C:\xampp\htdocs\ERP-PH-main\system\View\View.php(210): include('C:\\xampp\\htdocs...')
#4 C:\xampp\htdocs\ERP-PH-main\system\View\View.php(213): CodeIgniter\View\View->CodeIgniter\View\{closure}()
#5 C:\xampp\htdocs\ERP-PH-main\system\Common.php(1089): CodeIgniter\View\View->render('/piketv/find', Array, true)
#6 C:\xampp\htdocs\ERP-PH-main\app\Controllers\piket\Home.php(287): view('/piketv/find', Array)
#7 C:\xampp\htdocs\ERP-PH-main\system\CodeIgniter.php(832): App\Controllers\piket\Home->find()
#8 C:\xampp\htdocs\ERP-PH-main\system\CodeIgniter.php(419): CodeIgniter\CodeIgniter->runController(Object(App\Controllers\piket\Home))
#9 C:\xampp\htdocs\ERP-PH-main\system\CodeIgniter.php(326): CodeIgniter\CodeIgniter->handleRequest(NULL, Object(Config\Cache), false)
#10 C:\xampp\htdocs\ERP-PH-main\public\index.php(37): CodeIgniter\CodeIgniter->run()
#11 C:\xampp\htdocs\ERP-PH-main\system\Commands\Server\rewrite.php(43): require_once('C:\\xampp\\htdocs...')
#12 {main}
CRITICAL - 2024-04-22 16:34:15 --> You must set the database table to be used with your query.
#0 C:\xampp\htdocs\ERP-PH-main\system\Model.php(545): CodeIgniter\Database\BaseConnection->table(NULL)
#1 C:\xampp\htdocs\ERP-PH-main\system\Model.php(722): CodeIgniter\Model->builder()
#2 C:\xampp\htdocs\ERP-PH-main\app\Views\piketv\find.php(6): CodeIgniter\Model->__call('useRow', Array)
#3 C:\xampp\htdocs\ERP-PH-main\system\View\View.php(210): include('C:\\xampp\\htdocs...')
#4 C:\xampp\htdocs\ERP-PH-main\system\View\View.php(213): CodeIgniter\View\View->CodeIgniter\View\{closure}()
#5 C:\xampp\htdocs\ERP-PH-main\system\Common.php(1089): CodeIgniter\View\View->render('/piketv/find', Array, true)
#6 C:\xampp\htdocs\ERP-PH-main\app\Controllers\piket\Home.php(287): view('/piketv/find', Array)
#7 C:\xampp\htdocs\ERP-PH-main\system\CodeIgniter.php(832): App\Controllers\piket\Home->find()
#8 C:\xampp\htdocs\ERP-PH-main\system\CodeIgniter.php(419): CodeIgniter\CodeIgniter->runController(Object(App\Controllers\piket\Home))
#9 C:\xampp\htdocs\ERP-PH-main\system\CodeIgniter.php(326): CodeIgniter\CodeIgniter->handleRequest(NULL, Object(Config\Cache), false)
#10 C:\xampp\htdocs\ERP-PH-main\public\index.php(37): CodeIgniter\CodeIgniter->run()
#11 C:\xampp\htdocs\ERP-PH-main\system\Commands\Server\rewrite.php(43): require_once('C:\\xampp\\htdocs...')
#12 {main}
CRITICAL - 2024-04-22 16:34:21 --> You must set the database table to be used with your query.
#0 C:\xampp\htdocs\ERP-PH-main\system\Model.php(545): CodeIgniter\Database\BaseConnection->table(NULL)
#1 C:\xampp\htdocs\ERP-PH-main\system\Model.php(722): CodeIgniter\Model->builder()
#2 C:\xampp\htdocs\ERP-PH-main\app\Views\piketv\find.php(6): CodeIgniter\Model->__call('useRow', Array)
#3 C:\xampp\htdocs\ERP-PH-main\system\View\View.php(210): include('C:\\xampp\\htdocs...')
#4 C:\xampp\htdocs\ERP-PH-main\system\View\View.php(213): CodeIgniter\View\View->CodeIgniter\View\{closure}()
#5 C:\xampp\htdocs\ERP-PH-main\system\Common.php(1089): CodeIgniter\View\View->render('/piketv/find', Array, true)
#6 C:\xampp\htdocs\ERP-PH-main\app\Controllers\piket\Home.php(287): view('/piketv/find', Array)
#7 C:\xampp\htdocs\ERP-PH-main\system\CodeIgniter.php(832): App\Controllers\piket\Home->find()
#8 C:\xampp\htdocs\ERP-PH-main\system\CodeIgniter.php(419): CodeIgniter\CodeIgniter->runController(Object(App\Controllers\piket\Home))
#9 C:\xampp\htdocs\ERP-PH-main\system\CodeIgniter.php(326): CodeIgniter\CodeIgniter->handleRequest(NULL, Object(Config\Cache), false)
#10 C:\xampp\htdocs\ERP-PH-main\public\index.php(37): CodeIgniter\CodeIgniter->run()
#11 C:\xampp\htdocs\ERP-PH-main\system\Commands\Server\rewrite.php(43): require_once('C:\\xampp\\htdocs...')
#12 {main}
CRITICAL - 2024-04-22 16:34:32 --> You must set the database table to be used with your query.
#0 C:\xampp\htdocs\ERP-PH-main\system\Model.php(545): CodeIgniter\Database\BaseConnection->table(NULL)
#1 C:\xampp\htdocs\ERP-PH-main\system\Model.php(722): CodeIgniter\Model->builder()
#2 C:\xampp\htdocs\ERP-PH-main\app\Views\piketv\find.php(6): CodeIgniter\Model->__call('useRow', Array)
#3 C:\xampp\htdocs\ERP-PH-main\system\View\View.php(210): include('C:\\xampp\\htdocs...')
#4 C:\xampp\htdocs\ERP-PH-main\system\View\View.php(213): CodeIgniter\View\View->CodeIgniter\View\{closure}()
#5 C:\xampp\htdocs\ERP-PH-main\system\Common.php(1089): CodeIgniter\View\View->render('/piketv/find', Array, true)
#6 C:\xampp\htdocs\ERP-PH-main\app\Controllers\piket\Home.php(287): view('/piketv/find', Array)
#7 C:\xampp\htdocs\ERP-PH-main\system\CodeIgniter.php(832): App\Controllers\piket\Home->find()
#8 C:\xampp\htdocs\ERP-PH-main\system\CodeIgniter.php(419): CodeIgniter\CodeIgniter->runController(Object(App\Controllers\piket\Home))
#9 C:\xampp\htdocs\ERP-PH-main\system\CodeIgniter.php(326): CodeIgniter\CodeIgniter->handleRequest(NULL, Object(Config\Cache), false)
#10 C:\xampp\htdocs\ERP-PH-main\public\index.php(37): CodeIgniter\CodeIgniter->run()
#11 C:\xampp\htdocs\ERP-PH-main\system\Commands\Server\rewrite.php(43): require_once('C:\\xampp\\htdocs...')
#12 {main}
CRITICAL - 2024-04-22 16:38:12 --> Invalid file: diagram.php
#0 C:\xampp\htdocs\ERP-PH-main\system\View\View.php(198): CodeIgniter\Exceptions\FrameworkException::forInvalidFile('diagram.php')
#1 C:\xampp\htdocs\ERP-PH-main\system\Common.php(1089): CodeIgniter\View\View->render('diagram', Array, true)
#2 C:\xampp\htdocs\ERP-PH-main\app\Controllers\voting\Hasil.php(29): view('diagram', Array)
#3 C:\xampp\htdocs\ERP-PH-main\system\CodeIgniter.php(832): App\Controllers\voting\Hasil->index()
#4 C:\xampp\htdocs\ERP-PH-main\system\CodeIgniter.php(419): CodeIgniter\CodeIgniter->runController(Object(App\Controllers\voting\Hasil))
#5 C:\xampp\htdocs\ERP-PH-main\system\CodeIgniter.php(326): CodeIgniter\CodeIgniter->handleRequest(NULL, Object(Config\Cache), false)
#6 C:\xampp\htdocs\ERP-PH-main\public\index.php(37): CodeIgniter\CodeIgniter->run()
#7 C:\xampp\htdocs\ERP-PH-main\system\Commands\Server\rewrite.php(43): require_once('C:\\xampp\\htdocs...')
#8 {main}
CRITICAL - 2024-04-22 16:47:04 --> Invalid argument supplied for foreach()
#0 C:\xampp\htdocs\ERP-PH-main\app\Controllers\piket\Home.php(116): CodeIgniter\Debug\Exceptions->errorHandler(2, 'Invalid argumen...', 'C:\\xampp\\htdocs...', 116, Array)
#1 C:\xampp\htdocs\ERP-PH-main\system\CodeIgniter.php(832): App\Controllers\piket\Home->output_menilai()
#2 C:\xampp\htdocs\ERP-PH-main\system\CodeIgniter.php(419): CodeIgniter\CodeIgniter->runController(Object(App\Controllers\piket\Home))
#3 C:\xampp\htdocs\ERP-PH-main\system\CodeIgniter.php(326): CodeIgniter\CodeIgniter->handleRequest(NULL, Object(Config\Cache), false)
#4 C:\xampp\htdocs\ERP-PH-main\public\index.php(37): CodeIgniter\CodeIgniter->run()
#5 C:\xampp\htdocs\ERP-PH-main\system\Commands\Server\rewrite.php(43): require_once('C:\\xampp\\htdocs...')
#6 {main}
ERROR - 2024-04-22 17:07:20 --> Unknown column '/piketv/isi' in 'field list'
CRITICAL - 2024-04-22 17:07:56 --> Invalid argument supplied for foreach()
#0 C:\xampp\htdocs\ERP-PH-main\app\Controllers\piket\Home.php(116): CodeIgniter\Debug\Exceptions->errorHandler(2, 'Invalid argumen...', 'C:\\xampp\\htdocs...', 116, Array)
#1 C:\xampp\htdocs\ERP-PH-main\system\CodeIgniter.php(832): App\Controllers\piket\Home->output_menilai()
#2 C:\xampp\htdocs\ERP-PH-main\system\CodeIgniter.php(419): CodeIgniter\CodeIgniter->runController(Object(App\Controllers\piket\Home))
#3 C:\xampp\htdocs\ERP-PH-main\system\CodeIgniter.php(326): CodeIgniter\CodeIgniter->handleRequest(NULL, Object(Config\Cache), false)
#4 C:\xampp\htdocs\ERP-PH-main\public\index.php(37): CodeIgniter\CodeIgniter->run()
#5 C:\xampp\htdocs\ERP-PH-main\system\Commands\Server\rewrite.php(43): require_once('C:\\xampp\\htdocs...')
#6 {main}
CRITICAL - 2024-04-22 17:09:16 --> Invalid argument supplied for foreach()
#0 C:\xampp\htdocs\ERP-PH-main\app\Controllers\piket\Home.php(116): CodeIgniter\Debug\Exceptions->errorHandler(2, 'Invalid argumen...', 'C:\\xampp\\htdocs...', 116, Array)
#1 C:\xampp\htdocs\ERP-PH-main\system\CodeIgniter.php(832): App\Controllers\piket\Home->output_menilai()
#2 C:\xampp\htdocs\ERP-PH-main\system\CodeIgniter.php(419): CodeIgniter\CodeIgniter->runController(Object(App\Controllers\piket\Home))
#3 C:\xampp\htdocs\ERP-PH-main\system\CodeIgniter.php(326): CodeIgniter\CodeIgniter->handleRequest(NULL, Object(Config\Cache), false)
#4 C:\xampp\htdocs\ERP-PH-main\public\index.php(37): CodeIgniter\CodeIgniter->run()
#5 C:\xampp\htdocs\ERP-PH-main\system\Commands\Server\rewrite.php(43): require_once('C:\\xampp\\htdocs...')
#6 {main}
CRITICAL - 2024-04-22 17:09:56 --> Invalid argument supplied for foreach()
#0 C:\xampp\htdocs\ERP-PH-main\app\Controllers\piket\Home.php(116): CodeIgniter\Debug\Exceptions->errorHandler(2, 'Invalid argumen...', 'C:\\xampp\\htdocs...', 116, Array)
#1 C:\xampp\htdocs\ERP-PH-main\system\CodeIgniter.php(832): App\Controllers\piket\Home->output_menilai()
#2 C:\xampp\htdocs\ERP-PH-main\system\CodeIgniter.php(419): CodeIgniter\CodeIgniter->runController(Object(App\Controllers\piket\Home))
#3 C:\xampp\htdocs\ERP-PH-main\system\CodeIgniter.php(326): CodeIgniter\CodeIgniter->handleRequest(NULL, Object(Config\Cache), false)
#4 C:\xampp\htdocs\ERP-PH-main\public\index.php(37): CodeIgniter\CodeIgniter->run()
#5 C:\xampp\htdocs\ERP-PH-main\system\Commands\Server\rewrite.php(43): require_once('C:\\xampp\\htdocs...')
#6 {main}
CRITICAL - 2024-04-22 17:11:24 --> Invalid argument supplied for foreach()
#0 C:\xampp\htdocs\ERP-PH-main\app\Controllers\piket\Home.php(116): CodeIgniter\Debug\Exceptions->errorHandler(2, 'Invalid argumen...', 'C:\\xampp\\htdocs...', 116, Array)
#1 C:\xampp\htdocs\ERP-PH-main\system\CodeIgniter.php(832): App\Controllers\piket\Home->output_menilai()
#2 C:\xampp\htdocs\ERP-PH-main\system\CodeIgniter.php(419): CodeIgniter\CodeIgniter->runController(Object(App\Controllers\piket\Home))
#3 C:\xampp\htdocs\ERP-PH-main\system\CodeIgniter.php(326): CodeIgniter\CodeIgniter->handleRequest(NULL, Object(Config\Cache), false)
#4 C:\xampp\htdocs\ERP-PH-main\public\index.php(37): CodeIgniter\CodeIgniter->run()
#5 C:\xampp\htdocs\ERP-PH-main\system\Commands\Server\rewrite.php(43): require_once('C:\\xampp\\htdocs...')
#6 {main}
CRITICAL - 2024-04-22 17:15:16 --> Invalid file: partial/footer.php
#0 C:\xampp\htdocs\ERP-PH-main\system\View\View.php(198): CodeIgniter\Exceptions\FrameworkException::forInvalidFile('partial/footer....')
#1 C:\xampp\htdocs\ERP-PH-main\system\Common.php(1089): CodeIgniter\View\View->render('partial/footer', Array, true)
#2 C:\xampp\htdocs\ERP-PH-main\app\Controllers\User.php(48): view('partial/footer')
#3 C:\xampp\htdocs\ERP-PH-main\system\CodeIgniter.php(832): App\Controllers\User->reset_password('1')
#4 C:\xampp\htdocs\ERP-PH-main\system\CodeIgniter.php(419): CodeIgniter\CodeIgniter->runController(Object(App\Controllers\User))
#5 C:\xampp\htdocs\ERP-PH-main\system\CodeIgniter.php(326): CodeIgniter\CodeIgniter->handleRequest(NULL, Object(Config\Cache), false)
#6 C:\xampp\htdocs\ERP-PH-main\public\index.php(37): CodeIgniter\CodeIgniter->run()
#7 C:\xampp\htdocs\ERP-PH-main\system\Commands\Server\rewrite.php(43): require_once('C:\\xampp\\htdocs...')
#8 {main}
CRITICAL - 2024-04-22 17:15:37 --> Invalid file: partial/footer.php
#0 C:\xampp\htdocs\ERP-PH-main\system\View\View.php(198): CodeIgniter\Exceptions\FrameworkException::forInvalidFile('partial/footer....')
#1 C:\xampp\htdocs\ERP-PH-main\system\Common.php(1089): CodeIgniter\View\View->render('partial/footer', Array, true)
#2 C:\xampp\htdocs\ERP-PH-main\app\Controllers\data_master.php(83): view('partial/footer')
#3 C:\xampp\htdocs\ERP-PH-main\system\CodeIgniter.php(832): App\Controllers\data_master->reset_password('1')
#4 C:\xampp\htdocs\ERP-PH-main\system\CodeIgniter.php(419): CodeIgniter\CodeIgniter->runController(Object(App\Controllers\data_master))
#5 C:\xampp\htdocs\ERP-PH-main\system\CodeIgniter.php(326): CodeIgniter\CodeIgniter->handleRequest(NULL, Object(Config\Cache), false)
#6 C:\xampp\htdocs\ERP-PH-main\public\index.php(37): CodeIgniter\CodeIgniter->run()
#7 C:\xampp\htdocs\ERP-PH-main\system\Commands\Server\rewrite.php(43): require_once('C:\\xampp\\htdocs...')
#8 {main}
CRITICAL - 2024-04-22 17:15:39 --> Invalid file: partial/footer.php
#0 C:\xampp\htdocs\ERP-PH-main\system\View\View.php(198): CodeIgniter\Exceptions\FrameworkException::forInvalidFile('partial/footer....')
#1 C:\xampp\htdocs\ERP-PH-main\system\Common.php(1089): CodeIgniter\View\View->render('partial/footer', Array, true)
#2 C:\xampp\htdocs\ERP-PH-main\app\Controllers\User.php(48): view('partial/footer')
#3 C:\xampp\htdocs\ERP-PH-main\system\CodeIgniter.php(832): App\Controllers\User->reset_password('1')
#4 C:\xampp\htdocs\ERP-PH-main\system\CodeIgniter.php(419): CodeIgniter\CodeIgniter->runController(Object(App\Controllers\User))
#5 C:\xampp\htdocs\ERP-PH-main\system\CodeIgniter.php(326): CodeIgniter\CodeIgniter->handleRequest(NULL, Object(Config\Cache), false)
#6 C:\xampp\htdocs\ERP-PH-main\public\index.php(37): CodeIgniter\CodeIgniter->run()
#7 C:\xampp\htdocs\ERP-PH-main\system\Commands\Server\rewrite.php(43): require_once('C:\\xampp\\htdocs...')
#8 {main}
CRITICAL - 2024-04-22 17:15:42 --> Invalid file: partial/footer.php
#0 C:\xampp\htdocs\ERP-PH-main\system\View\View.php(198): CodeIgniter\Exceptions\FrameworkException::forInvalidFile('partial/footer....')
#1 C:\xampp\htdocs\ERP-PH-main\system\Common.php(1089): CodeIgniter\View\View->render('partial/footer', Array, true)
#2 C:\xampp\htdocs\ERP-PH-main\app\Controllers\data_master.php(83): view('partial/footer')
#3 C:\xampp\htdocs\ERP-PH-main\system\CodeIgniter.php(832): App\Controllers\data_master->reset_password('1')
#4 C:\xampp\htdocs\ERP-PH-main\system\CodeIgniter.php(419): CodeIgniter\CodeIgniter->runController(Object(App\Controllers\data_master))
#5 C:\xampp\htdocs\ERP-PH-main\system\CodeIgniter.php(326): CodeIgniter\CodeIgniter->handleRequest(NULL, Object(Config\Cache), false)
#6 C:\xampp\htdocs\ERP-PH-main\public\index.php(37): CodeIgniter\CodeIgniter->run()
#7 C:\xampp\htdocs\ERP-PH-main\system\Commands\Server\rewrite.php(43): require_once('C:\\xampp\\htdocs...')
#8 {main}
CRITICAL - 2024-04-22 17:16:17 --> Invalid file: partial/footer.php
#0 C:\xampp\htdocs\ERP-PH-main\system\View\View.php(198): CodeIgniter\Exceptions\FrameworkException::forInvalidFile('partial/footer....')
#1 C:\xampp\htdocs\ERP-PH-main\system\Common.php(1089): CodeIgniter\View\View->render('partial/footer', Array, true)
#2 C:\xampp\htdocs\ERP-PH-main\app\Controllers\User.php(48): view('partial/footer')
#3 C:\xampp\htdocs\ERP-PH-main\system\CodeIgniter.php(832): App\Controllers\User->reset_password('1')
#4 C:\xampp\htdocs\ERP-PH-main\system\CodeIgniter.php(419): CodeIgniter\CodeIgniter->runController(Object(App\Controllers\User))
#5 C:\xampp\htdocs\ERP-PH-main\system\CodeIgniter.php(326): CodeIgniter\CodeIgniter->handleRequest(NULL, Object(Config\Cache), false)
#6 C:\xampp\htdocs\ERP-PH-main\public\index.php(37): CodeIgniter\CodeIgniter->run()
#7 C:\xampp\htdocs\ERP-PH-main\system\Commands\Server\rewrite.php(43): require_once('C:\\xampp\\htdocs...')
#8 {main}
CRITICAL - 2024-04-22 17:16:19 --> Invalid file: partial/footer.php
#0 C:\xampp\htdocs\ERP-PH-main\system\View\View.php(198): CodeIgniter\Exceptions\FrameworkException::forInvalidFile('partial/footer....')
#1 C:\xampp\htdocs\ERP-PH-main\system\Common.php(1089): CodeIgniter\View\View->render('partial/footer', Array, true)
#2 C:\xampp\htdocs\ERP-PH-main\app\Controllers\data_master.php(83): view('partial/footer')
#3 C:\xampp\htdocs\ERP-PH-main\system\CodeIgniter.php(832): App\Controllers\data_master->reset_password('1')
#4 C:\xampp\htdocs\ERP-PH-main\system\CodeIgniter.php(419): CodeIgniter\CodeIgniter->runController(Object(App\Controllers\data_master))
#5 C:\xampp\htdocs\ERP-PH-main\system\CodeIgniter.php(326): CodeIgniter\CodeIgniter->handleRequest(NULL, Object(Config\Cache), false)
#6 C:\xampp\htdocs\ERP-PH-main\public\index.php(37): CodeIgniter\CodeIgniter->run()
#7 C:\xampp\htdocs\ERP-PH-main\system\Commands\Server\rewrite.php(43): require_once('C:\\xampp\\htdocs...')
#8 {main}
